"E:/Gamejam,/Krattmann/Content/ThirdPersonBP/ThirdPersonOverview.uasset" 0
"E:/Gamejam,/Krattmann/Content/Widgets/BodyParts.uasset" 1
"E:/Gamejam,/Krattmann/Content/Mannequin/Character/Mesh/SK_Mannequin_PhysicsAsset.uasset" 2
"E:/Gamejam,/Krattmann/Content/Mannequin/Character/Textures/T_UE4Logo_N.uasset" 3
"E:/Gamejam,/Krattmann/Content/Mannequin/Character/Textures/T_UE4Logo_Mask.uasset" 4
"E:/Gamejam,/Krattmann/Content/Mannequin/Character/Textures/T_Male_N.uasset" 5
"E:/Gamejam,/Krattmann/Content/Mannequin/Character/Textures/T_Male_Mask.uasset" 6
"E:/Gamejam,/Krattmann/Content/Mannequin/Character/Materials/MaterialLayers/T_ML_Rubber_Blue_01_N.uasset" 7
"E:/Gamejam,/Krattmann/Content/Mannequin/Character/Materials/MaterialLayers/T_ML_Rubber_Blue_01_D.uasset" 8
"E:/Gamejam,/Krattmann/Content/Mannequin/Character/Materials/MaterialLayers/T_ML_Aluminum01_N.uasset" 9
"E:/Gamejam,/Krattmann/Content/Mannequin/Character/Materials/MaterialLayers/T_ML_Aluminum01.uasset" 10
"E:/Gamejam,/Krattmann/Content/Mannequin/Character/Materials/MaterialLayers/ML_SoftMetal_UE4.uasset" 11
"E:/Gamejam,/Krattmann/Content/Mannequin/Character/Materials/MaterialLayers/ML_Plastic_Shiny_Beige_LOGO.uasset" 12
"E:/Gamejam,/Krattmann/Content/Mannequin/Character/Materials/MaterialLayers/ML_Plastic_Shiny_Beige.uasset" 13
"E:/Gamejam,/Krattmann/Content/Mannequin/Character/Materials/MaterialLayers/ML_GlossyBlack_Latex_UE4.uasset" 14
"../../../Engine/Content/Functions/MaterialLayerFunctions/MatLayerBlend_Simple.uasset" 15
"../../../Engine/Content/Functions/Engine_MaterialFunctions02/Utility/BlendAngleCorrectedNormals.uasset" 16
"../../../Engine/Content/Functions/MaterialLayerFunctions/MatLayerBlend_NormalBlend.uasset" 17
"E:/Gamejam,/Krattmann/Content/Mannequin/Character/Materials/M_Male_Body.uasset" 18
"E:/Gamejam,/Krattmann/Content/Mannequin/Character/Materials/M_UE4Man_ChestLogo.uasset" 19
"E:/Gamejam,/Krattmann/Content/Mannequin/Character/Mesh/UE4_Mannequin_Skeleton.uasset" 20
"E:/Gamejam,/Krattmann/Content/Mannequin/Character/Mesh/SK_Mannequin.uasset" 21
"../../../Engine/Content/EditorBlueprintResources/StandardMacros.uasset" 22
"E:/Gamejam,/Krattmann/Content/Mannequin/Animations/ThirdPersonWalk.uasset" 23
"E:/Gamejam,/Krattmann/Content/Mannequin/Animations/ThirdPersonRun.uasset" 24
"E:/Gamejam,/Krattmann/Content/Mannequin/Animations/ThirdPersonIdle.uasset" 25
"E:/Gamejam,/Krattmann/Content/Mannequin/Animations/ThirdPerson_IdleRun_2D.uasset" 26
"E:/Gamejam,/Krattmann/Content/Mannequin/Animations/ThirdPerson_Jump.uasset" 27
"E:/Gamejam,/Krattmann/Content/Mannequin/Animations/ThirdPersonJump_Start.uasset" 28
"E:/Gamejam,/Krattmann/Content/Mannequin/Animations/ThirdPersonJump_Loop.uasset" 29
"E:/Gamejam,/Krattmann/Content/Mannequin/Animations/ThirdPerson_AnimBP.uasset" 30
"E:/Gamejam,/Krattmann/Content/Widgets/ThirdPersonCharacter.uasset" 31
"E:/Gamejam,/Krattmann/Content/AdvancedLocomotionV4/Data/Enums/ALS_Gait.uasset" 32
"E:/Gamejam,/Krattmann/Content/AdvancedLocomotionV4/Data/Enums/ALS_MovementAction.uasset" 33
"E:/Gamejam,/Krattmann/Content/AdvancedLocomotionV4/Data/Enums/ALS_MovementState.uasset" 34
"E:/Gamejam,/Krattmann/Content/AdvancedLocomotionV4/Data/Enums/ALS_OverlayState.uasset" 35
"E:/Gamejam,/Krattmann/Content/AdvancedLocomotionV4/Data/Enums/ALS_RotationMode.uasset" 36
"E:/Gamejam,/Krattmann/Content/AdvancedLocomotionV4/Data/Enums/ALS_Stance.uasset" 37
"E:/Gamejam,/Krattmann/Content/AdvancedLocomotionV4/Data/Enums/ALS_ViewMode.uasset" 38
"E:/Gamejam,/Krattmann/Content/AdvancedLocomotionV4/Blueprints/Interfaces/ALS_Character_BPI.uasset" 39
"E:/Gamejam,/Krattmann/Content/AdvancedLocomotionV4/Blueprints/AnimNotifys/MovementAction_NotifyState.uasset" 40
"E:/Gamejam,/Krattmann/Content/AdvancedLocomotionV4/Data/Enums/GroundedEntryState.uasset" 41
"E:/Gamejam,/Krattmann/Content/AdvancedLocomotionV4/Blueprints/Interfaces/ALS_Animation_BPI.uasset" 42
"E:/Gamejam,/Krattmann/Content/AdvancedLocomotionV4/Blueprints/AnimNotifys/OverlayOverride_NotifyState.uasset" 43
"E:/Gamejam,/Krattmann/Content/AdvancedLocomotionV4/Audio/Footsteps/Concrete_Pivot_01.uasset" 44
"E:/Gamejam,/Krattmann/Content/AdvancedLocomotionV4/Audio/Footsteps/Concrete_Pivot_02.uasset" 45
"E:/Gamejam,/Krattmann/Content/AdvancedLocomotionV4/Audio/Footsteps/Concrete_Walk_01.uasset" 46
"E:/Gamejam,/Krattmann/Content/AdvancedLocomotionV4/Audio/Footsteps/Concrete_Walk_02.uasset" 47
"E:/Gamejam,/Krattmann/Content/AdvancedLocomotionV4/Audio/Footsteps/Concrete_Walk_03.uasset" 48
"E:/Gamejam,/Krattmann/Content/AdvancedLocomotionV4/Audio/Footsteps/Concrete_Walk_04.uasset" 49
"E:/Gamejam,/Krattmann/Content/AdvancedLocomotionV4/Audio/Footsteps/Concrete_Walk_05.uasset" 50
"E:/Gamejam,/Krattmann/Content/AdvancedLocomotionV4/Audio/Footsteps/Concrete_Step_03.uasset" 51
"E:/Gamejam,/Krattmann/Content/AdvancedLocomotionV4/Audio/Footsteps/Concrete_Step_01.uasset" 52
"E:/Gamejam,/Krattmann/Content/AdvancedLocomotionV4/Audio/Footsteps/Concrete_Step_02.uasset" 53
"E:/Gamejam,/Krattmann/Content/AdvancedLocomotionV4/Audio/Footsteps/Footstep_Cue.uasset" 54
"E:/Gamejam,/Krattmann/Content/AdvancedLocomotionV4/Data/Enums/FootstepType.uasset" 55
"E:/Gamejam,/Krattmann/Content/AdvancedLocomotionV4/Blueprints/AnimNotifys/Footstep_AnimNotify.uasset" 56
"E:/Gamejam,/Krattmann/Content/Audio/SFX/SFX_Kratt_FS6.uasset" 57
"E:/Gamejam,/Krattmann/Content/Audio/SFX/SFX_Kratt_FS5.uasset" 58
"E:/Gamejam,/Krattmann/Content/Audio/SFX/SFX_Kratt_FS4.uasset" 59
"E:/Gamejam,/Krattmann/Content/Audio/SFX/SFX_Kratt_FS3.uasset" 60
"E:/Gamejam,/Krattmann/Content/Audio/SFX/SFX_Kratt_FS2.uasset" 61
"E:/Gamejam,/Krattmann/Content/Audio/SFX/SFX_Kratt_FS1.uasset" 62
"E:/Gamejam,/Krattmann/Content/Audio/SC_SFX_game.uasset" 63
"E:/Gamejam,/Krattmann/Content/Audio/SM_FarmerDuck.uasset" 64
"E:/Gamejam,/Krattmann/Content/Audio/SC_SFX_Farmer.uasset" 65
"E:/Gamejam,/Krattmann/Content/Audio/SC_Music_game.uasset" 66
"E:/Gamejam,/Krattmann/Content/Audio/SC_SFX_menu.uasset" 67
"E:/Gamejam,/Krattmann/Content/Audio/SC_Music_menu.uasset" 68
"E:/Gamejam,/Krattmann/Content/Audio/SC_MENU.uasset" 69
"E:/Gamejam,/Krattmann/Content/Audio/SC_MASTER.uasset" 70
"E:/Gamejam,/Krattmann/Content/Audio/SC_Atmos.uasset" 71
"E:/Gamejam,/Krattmann/Content/Audio/SC_IN-GAME.uasset" 72
"E:/Gamejam,/Krattmann/Content/Audio/SC_SFX_Farmer_idle.uasset" 73
"E:/Gamejam,/Krattmann/Content/Audio/SM_Movement.uasset" 74
"E:/Gamejam,/Krattmann/Content/Audio/SC_SFX_Kratt.uasset" 75
"E:/Gamejam,/Krattmann/Content/Audio/SFX/Kratt_FS_Cue.uasset" 76
"../../../Engine/Content/Animation/DefaultAnimCurveCompressionSettings.uasset" 77
"../../../Engine/Content/Animation/DefaultAnimBoneCompressionSettings.uasset" 78
"../../../Engine/Content/EngineMeshes/Humanoid.uasset" 79
"E:/Gamejam,/Krattmann/Content/AdvancedLocomotionV4/CharacterAssets/MannequinSkeleton/ALS_Mannequin_Skeleton.uasset" 80
"E:/Gamejam,/Krattmann/Content/AdvancedLocomotionV4/CharacterAssets/MannequinSkeleton/AnimationExamples/Actions/ALS_CLF_GetUp_Back.uasset" 81
"E:/Gamejam,/Krattmann/Content/AdvancedLocomotionV4/CharacterAssets/MannequinSkeleton/AnimationExamples/Actions/ALS_CLF_GetUp_Back_Montage_LH.uasset" 82
"E:/Gamejam,/Krattmann/Content/AdvancedLocomotionV4/CharacterAssets/MannequinSkeleton/AnimationExamples/Actions/ALS_CLF_GetUp_Back_Montage_RH.uasset" 83
"E:/Gamejam,/Krattmann/Content/AdvancedLocomotionV4/CharacterAssets/MannequinSkeleton/AnimationExamples/Actions/ALS_CLF_GetUp_Front.uasset" 84
"E:/Gamejam,/Krattmann/Content/AdvancedLocomotionV4/CharacterAssets/MannequinSkeleton/AnimationExamples/Actions/ALS_CLF_GetUp_Front_Montage_2H.uasset" 85
"E:/Gamejam,/Krattmann/Content/AdvancedLocomotionV4/CharacterAssets/MannequinSkeleton/AnimationExamples/Actions/ALS_CLF_GetUp_Front_Montage_Default.uasset" 86
"E:/Gamejam,/Krattmann/Content/AdvancedLocomotionV4/CharacterAssets/MannequinSkeleton/AnimationExamples/Actions/ALS_CLF_GetUp_Front_Montage_LH.uasset" 87
"E:/Gamejam,/Krattmann/Content/AdvancedLocomotionV4/CharacterAssets/MannequinSkeleton/AnimationExamples/Actions/ALS_CLF_GetUp_Front_Montage_RH.uasset" 88
"E:/Gamejam,/Krattmann/Content/AdvancedLocomotionV4/Blueprints/AnimNotifys/CameraShake_Notify.uasset" 89
"E:/Gamejam,/Krattmann/Content/AdvancedLocomotionV4/Blueprints/AnimNotifys/GroundedEntryState_AnimNotify.uasset" 90
"E:/Gamejam,/Krattmann/Content/AdvancedLocomotionV4/Blueprints/Misc/Sprint_CameraShake.uasset" 91
"E:/Gamejam,/Krattmann/Content/AdvancedLocomotionV4/CharacterAssets/MannequinSkeleton/AnimationExamples/Actions/ALS_N_LandRoll_F.uasset" 92
"E:/Gamejam,/Krattmann/Content/AdvancedLocomotionV4/CharacterAssets/MannequinSkeleton/AnimationExamples/Actions/ALS_N_LandRoll_F_Montage_2H.uasset" 93
"E:/Gamejam,/Krattmann/Content/AdvancedLocomotionV4/CharacterAssets/MannequinSkeleton/AnimationExamples/Actions/ALS_N_LandRoll_F_Montage_Default.uasset" 94
"E:/Gamejam,/Krattmann/Content/AdvancedLocomotionV4/CharacterAssets/MannequinSkeleton/AnimationExamples/Actions/ALS_N_LandRoll_F_Montage_LH.uasset" 95
"E:/Gamejam,/Krattmann/Content/AdvancedLocomotionV4/CharacterAssets/MannequinSkeleton/AnimationExamples/Actions/ALS_N_LandRoll_F_Montage_RH.uasset" 96
"E:/Gamejam,/Krattmann/Content/AdvancedLocomotionV4/Blueprints/AnimNotifys/EarlyBlendOut_NotifyState.uasset" 97
"E:/Gamejam,/Krattmann/Content/AdvancedLocomotionV4/CharacterAssets/MannequinSkeleton/AnimationExamples/Actions/ALS_N_Mantle_1m_RH.uasset" 98
"E:/Gamejam,/Krattmann/Content/AdvancedLocomotionV4/CharacterAssets/MannequinSkeleton/AnimationExamples/Actions/ALS_N_Mantle_1m_Montage_2H.uasset" 99
"E:/Gamejam,/Krattmann/Content/AdvancedLocomotionV4/CharacterAssets/MannequinSkeleton/AnimationExamples/Actions/ALS_N_Mantle_1m_Montage_Box.uasset" 100
"E:/Gamejam,/Krattmann/Content/AdvancedLocomotionV4/CharacterAssets/MannequinSkeleton/AnimationExamples/Actions/ALS_N_Mantle_1m_Montage_Default.uasset" 101
"E:/Gamejam,/Krattmann/Content/AdvancedLocomotionV4/Blueprints/AnimModifiers/Copy_Curves.uasset" 102
"E:/Gamejam,/Krattmann/Content/AdvancedLocomotionV4/CharacterAssets/MannequinSkeleton/AnimationExamples/Actions/ALS_N_Mantle_1m_LH.uasset" 103
"E:/Gamejam,/Krattmann/Content/AdvancedLocomotionV4/CharacterAssets/MannequinSkeleton/AnimationExamples/Actions/ALS_N_Mantle_1m_Montage_LH.uasset" 104
"E:/Gamejam,/Krattmann/Content/AdvancedLocomotionV4/CharacterAssets/MannequinSkeleton/AnimationExamples/Actions/ALS_N_Mantle_1m_Montage_RH.uasset" 105
"E:/Gamejam,/Krattmann/Content/AdvancedLocomotionV4/CharacterAssets/MannequinSkeleton/AnimationExamples/Actions/ALS_N_Mantle_2m.uasset" 106
"E:/Gamejam,/Krattmann/Content/AdvancedLocomotionV4/CharacterAssets/MannequinSkeleton/AnimationExamples/Actions/ALS_N_Mantle_2m_Montage_Default.uasset" 107
"E:/Gamejam,/Krattmann/Content/AdvancedLocomotionV4/Data/Curves/MantleCurves/Mantle_1m.uasset" 108
"E:/Gamejam,/Krattmann/Content/AdvancedLocomotionV4/Data/Curves/MantleCurves/Mantle_2m.uasset" 109
"E:/Gamejam,/Krattmann/Content/AdvancedLocomotionV4/CharacterAssets/MannequinSkeleton/PhysicsAssets/AnimMan_PhysicsAsset.uasset" 110
"E:/Gamejam,/Krattmann/Content/AdvancedLocomotionV4/CharacterAssets/MannequinSkeleton/Materials/M_AnimMan_Eyes.uasset" 111
"E:/Gamejam,/Krattmann/Content/AdvancedLocomotionV4/CharacterAssets/MannequinSkeleton/Materials/M_AnimMan_Default.uasset" 112
"E:/Gamejam,/Krattmann/Content/AdvancedLocomotionV4/CharacterAssets/MannequinSkeleton/Meshes/AnimMan.uasset" 113
"E:/Gamejam,/Krattmann/Content/AdvancedLocomotionV4/CharacterAssets/MannequinSkeleton/PhysicsAssets/Mannequin_PhysicsAsset.uasset" 114
"E:/Gamejam,/Krattmann/Content/AdvancedLocomotionV4/CharacterAssets/MannequinSkeleton/Materials/Textures/UE4Man_Logo_N.uasset" 115
"E:/Gamejam,/Krattmann/Content/AdvancedLocomotionV4/CharacterAssets/MannequinSkeleton/Materials/Textures/UE4_LOGO_CARD.uasset" 116
"E:/Gamejam,/Krattmann/Content/AdvancedLocomotionV4/CharacterAssets/MannequinSkeleton/Materials/M_Mannequin_Logo.uasset" 117
"E:/Gamejam,/Krattmann/Content/AdvancedLocomotionV4/CharacterAssets/MannequinSkeleton/Materials/Textures/UE4_Mannequin_MAT_MASKA.uasset" 118
"E:/Gamejam,/Krattmann/Content/AdvancedLocomotionV4/CharacterAssets/MannequinSkeleton/Materials/Textures/UE4_Mannequin__normals.uasset" 119
"E:/Gamejam,/Krattmann/Content/AdvancedLocomotionV4/CharacterAssets/MannequinSkeleton/Materials/M_Mannequin_Body.uasset" 120
"E:/Gamejam,/Krattmann/Content/AdvancedLocomotionV4/CharacterAssets/MannequinSkeleton/Meshes/Mannequin.uasset" 121
"E:/Gamejam,/Krattmann/Content/AdvancedLocomotionV4/Data/Enums/MantleType.uasset" 122
"E:/Gamejam,/Krattmann/Content/AdvancedLocomotionV4/Data/Structs/ALS_ComponentAndTransform.uasset" 123
"E:/Gamejam,/Krattmann/Content/AdvancedLocomotionV4/Data/Structs/Mantle_Asset.uasset" 124
"E:/Gamejam,/Krattmann/Content/AdvancedLocomotionV4/Props/Materials/M_Prop.uasset" 125
"E:/Gamejam,/Krattmann/Content/AdvancedLocomotionV4/Props/Meshes/Barrel.uasset" 126
"E:/Gamejam,/Krattmann/Content/AdvancedLocomotionV4/Props/Materials/M_Prop_Binoculars.uasset" 127
"E:/Gamejam,/Krattmann/Content/AdvancedLocomotionV4/Props/Meshes/Binoculars.uasset" 128
"E:/Gamejam,/Krattmann/Content/AdvancedLocomotionV4/Props/Meshes/Bow_Skeleton.uasset" 129
"E:/Gamejam,/Krattmann/Content/AdvancedLocomotionV4/Props/Materials/M_Prop_Bow3.uasset" 130
"E:/Gamejam,/Krattmann/Content/AdvancedLocomotionV4/Props/Materials/M_Prop_Bow2.uasset" 131
"E:/Gamejam,/Krattmann/Content/AdvancedLocomotionV4/Props/Materials/M_Prop_Bow1.uasset" 132
"E:/Gamejam,/Krattmann/Content/AdvancedLocomotionV4/Props/Meshes/Bow.uasset" 133
"E:/Gamejam,/Krattmann/Content/AdvancedLocomotionV4/Props/Meshes/Box.uasset" 134
"E:/Gamejam,/Krattmann/Content/AdvancedLocomotionV4/Props/Meshes/M4A1_Skeleton.uasset" 135
"E:/Gamejam,/Krattmann/Content/AdvancedLocomotionV4/Props/Materials/M_Prop_M4A1.uasset" 136
"E:/Gamejam,/Krattmann/Content/AdvancedLocomotionV4/Props/Meshes/M4A1.uasset" 137
"E:/Gamejam,/Krattmann/Content/AdvancedLocomotionV4/Props/Meshes/M9_Skeleton.uasset" 138
"E:/Gamejam,/Krattmann/Content/AdvancedLocomotionV4/Props/Materials/M_Prop_M9.uasset" 139
"E:/Gamejam,/Krattmann/Content/AdvancedLocomotionV4/Props/Meshes/M9.uasset" 140
"E:/Gamejam,/Krattmann/Content/AdvancedLocomotionV4/Props/Materials/M_Prop_Torch3.uasset" 141
"E:/Gamejam,/Krattmann/Content/AdvancedLocomotionV4/Props/Materials/M_Prop_Torch2.uasset" 142
"E:/Gamejam,/Krattmann/Content/AdvancedLocomotionV4/Props/Materials/M_Prop_Torch1.uasset" 143
"E:/Gamejam,/Krattmann/Content/AdvancedLocomotionV4/Props/Meshes/Torch.uasset" 144
"E:/Gamejam,/Krattmann/Content/AdvancedLocomotionV4/Blueprints/Libraries/ALS_MacroLibrary.uasset" 145
"E:/Gamejam,/Krattmann/Content/AdvancedLocomotionV4/Blueprints/Interfaces/ALS_Camera_BPI.uasset" 146
"E:/Gamejam,/Krattmann/Content/AdvancedLocomotionV4/Blueprints/UI/OverlayStateButton.uasset" 147
"E:/Gamejam,/Krattmann/Content/AdvancedLocomotionV4/Blueprints/UI/OverlayStateButtonParams.uasset" 148
"E:/Gamejam,/Krattmann/Content/AdvancedLocomotionV4/Blueprints/UI/OverlayStateSwitcher.uasset" 149
"E:/Gamejam,/Krattmann/Content/AdvancedLocomotionV4/Blueprints/Interfaces/ALS_Controller_BPI.uasset" 150
"E:/Gamejam,/Krattmann/Content/AdvancedLocomotionV4/Blueprints/UI/Arrow.uasset" 151
"E:/Gamejam,/Krattmann/Content/AdvancedLocomotionV4/Blueprints/UI/ALS_HUD.uasset" 152
"E:/Gamejam,/Krattmann/Content/AdvancedLocomotionV4/Blueprints/CharacterLogic/AI/ALS_BTTask_SetFocus.uasset" 153
"E:/Gamejam,/Krattmann/Content/AdvancedLocomotionV4/Blueprints/CharacterLogic/AI/ALS_BTTask_GetRandomLocation.uasset" 154
"E:/Gamejam,/Krattmann/Content/AdvancedLocomotionV4/Blueprints/CharacterLogic/AI/ALS_BB_AICharacter.uasset" 155
"E:/Gamejam,/Krattmann/Content/AdvancedLocomotionV4/Blueprints/CharacterLogic/AI/ALS_BT_AICharacter.uasset" 156
"E:/Gamejam,/Krattmann/Content/AdvancedLocomotionV4/Blueprints/CharacterLogic/AI/ALS_AI_Controller.uasset" 157
"E:/Gamejam,/Krattmann/Content/AdvancedLocomotionV4/Data/Structs/Mantle_Params.uasset" 158
"E:/Gamejam,/Krattmann/Content/AdvancedLocomotionV4/Data/Curves/CharacterMovementCurves/NormalMovement.uasset" 159
"E:/Gamejam,/Krattmann/Content/AdvancedLocomotionV4/Data/Structs/MovementSettings.uasset" 160
"E:/Gamejam,/Krattmann/Content/AdvancedLocomotionV4/Data/Structs/MovementSettings_Stance.uasset" 161
"E:/Gamejam,/Krattmann/Content/AdvancedLocomotionV4/Data/Structs/MovementSettings_State.uasset" 162
"E:/Gamejam,/Krattmann/Content/AdvancedLocomotionV4/Data/Curves/CharacterMovementCurves/SluggishRotation.uasset" 163
"E:/Gamejam,/Krattmann/Content/AdvancedLocomotionV4/Data/Curves/CharacterMovementCurves/SluggishMovement.uasset" 164
"E:/Gamejam,/Krattmann/Content/AdvancedLocomotionV4/Data/Curves/CharacterMovementCurves/ResponsiveRotation.uasset" 165
"E:/Gamejam,/Krattmann/Content/AdvancedLocomotionV4/Data/Curves/CharacterMovementCurves/ResponsiveMovement.uasset" 166
"E:/Gamejam,/Krattmann/Content/AdvancedLocomotionV4/Data/Curves/CharacterMovementCurves/NormalRotation.uasset" 167
"E:/Gamejam,/Krattmann/Content/AdvancedLocomotionV4/Data/DataTables/MovementModelTable.uasset" 168
"E:/Gamejam,/Krattmann/Content/AdvancedLocomotionV4/CharacterAssets/MannequinSkeleton/Meshes/Proxy.uasset" 169
"E:/Gamejam,/Krattmann/Content/AdvancedLocomotionV4/Data/Structs/Mantle_TraceSettings.uasset" 170
"E:/Gamejam,/Krattmann/Content/AdvancedLocomotionV4/Blueprints/CharacterLogic/ALS_Base_CharacterBP.uasset" 171
"E:/Gamejam,/Krattmann/Content/AdvancedLocomotionV4/Audio/UI/Click.uasset" 172
"../../../Engine/Content/BasicShapes/BasicShapeMaterial.uasset" 173
"E:/Gamejam,/Krattmann/Content/AdvancedLocomotionV4/Blueprints/CameraSystem/Camera_Skeleton.uasset" 174
"E:/Gamejam,/Krattmann/Content/AdvancedLocomotionV4/Blueprints/CameraSystem/Camera.uasset" 175
"E:/Gamejam,/Krattmann/Content/AdvancedLocomotionV4/Data/Curves/CameraBlendCurves/CameraLerp_1.uasset" 176
"E:/Gamejam,/Krattmann/Content/AdvancedLocomotionV4/Data/Curves/CameraBlendCurves/CameraLerp_2.uasset" 177
"E:/Gamejam,/Krattmann/Content/AdvancedLocomotionV4/Blueprints/CameraSystem/ALS_PlayerCameraBehavior.uasset" 178
"E:/Gamejam,/Krattmann/Content/AdvancedLocomotionV4/Blueprints/CameraSystem/ALS_PlayerCameraManager.uasset" 179
"E:/Gamejam,/Krattmann/Content/AdvancedLocomotionV4/Blueprints/CharacterLogic/ALS_Player_Controller.uasset" 180
"E:/Gamejam,/Krattmann/Content/Widgets/GameMode.uasset" 181
"E:/Gamejam,/Krattmann/Content/AdvancedLocomotionV4/Blueprints/GameModes/ALS_GameMode_SP.uasset" 182
"E:/Gamejam,/Krattmann/Content/MyAssets/HUD_assets/ikoon_kott1.uasset" 183
"E:/Gamejam,/Krattmann/Content/MyAssets/HUD_assets/heart_icon.uasset" 184
"E:/Gamejam,/Krattmann/Content/MyAssets/HUD_assets/Health_NoFill.uasset" 185
"E:/Gamejam,/Krattmann/Content/MyAssets/HUD_assets/Health_Fill.uasset" 186
"E:/Gamejam,/Krattmann/Content/MyAssets/Blueprints/BP_Timer.uasset" 187
"E:/Gamejam,/Krattmann/Content/AdvancedLocomotionV4/Data/Structs/VelocityBlend.uasset" 188
"E:/Gamejam,/Krattmann/Content/AdvancedLocomotionV4/Data/Structs/TurnInPlace_Asset.uasset" 189
"E:/Gamejam,/Krattmann/Content/AdvancedLocomotionV4/Data/Structs/RotateInPlace_Asset.uasset" 190
"E:/Gamejam,/Krattmann/Content/AdvancedLocomotionV4/Data/Structs/LeanAmount.uasset" 191
"E:/Gamejam,/Krattmann/Content/AdvancedLocomotionV4/Data/Structs/DynamicMontageParams.uasset" 192
"E:/Gamejam,/Krattmann/Content/AdvancedLocomotionV4/Data/Enums/MovementDirection.uasset" 193
"E:/Gamejam,/Krattmann/Content/AdvancedLocomotionV4/Data/Enums/HipsDirection.uasset" 194
"E:/Gamejam,/Krattmann/Content/AdvancedLocomotionV4/Data/Curves/AnimationBlendCurves/YawOffset_LR.uasset" 195
"E:/Gamejam,/Krattmann/Content/AdvancedLocomotionV4/Data/Curves/AnimationBlendCurves/YawOffset_FB.uasset" 196
"E:/Gamejam,/Krattmann/Content/AdvancedLocomotionV4/Data/Curves/AnimationBlendCurves/StrideBlend_N_Walk.uasset" 197
"E:/Gamejam,/Krattmann/Content/AdvancedLocomotionV4/Data/Curves/AnimationBlendCurves/StrideBlend_N_Run.uasset" 198
"E:/Gamejam,/Krattmann/Content/AdvancedLocomotionV4/Data/Curves/AnimationBlendCurves/LookOut.uasset" 199
"E:/Gamejam,/Krattmann/Content/AdvancedLocomotionV4/Data/Curves/AnimationBlendCurves/LookIn.uasset" 200
"E:/Gamejam,/Krattmann/Content/AdvancedLocomotionV4/Data/Curves/AnimationBlendCurves/LeanInAirAmount.uasset" 201
"E:/Gamejam,/Krattmann/Content/AdvancedLocomotionV4/Data/Curves/AnimationBlendCurves/LandPredictionBlend.uasset" 202
"E:/Gamejam,/Krattmann/Content/AdvancedLocomotionV4/Data/Curves/AnimationBlendCurves/DiagonalScaleAmount.uasset" 203
"E:/Gamejam,/Krattmann/Content/AdvancedLocomotionV4/Data/Curves/AnimationBlendCurves/ChangeStance.uasset" 204
"E:/Gamejam,/Krattmann/Content/AdvancedLocomotionV4/Data/Curves/AnimationBlendCurves/ChangeDirection.uasset" 205
"E:/Gamejam,/Krattmann/Content/AdvancedLocomotionV4/Data/Curves/AnimationBlendCurves/AO_SwitchSidesOut.uasset" 206
"E:/Gamejam,/Krattmann/Content/AdvancedLocomotionV4/Data/Curves/AnimationBlendCurves/AO_SwitchSidesIn.uasset" 207
"E:/Gamejam,/Krattmann/Content/AdvancedLocomotionV4/Data/Curves/AnimationBlendCurves/AimingOutCurve.uasset" 208
"E:/Gamejam,/Krattmann/Content/AdvancedLocomotionV4/Data/Curves/AnimationBlendCurves/AimingInCurve.uasset" 209
"E:/Gamejam,/Krattmann/Content/AdvancedLocomotionV4/CharacterAssets/MannequinSkeleton/AnimationExamples/Base/BasePoses/ALS_N_Pose.uasset" 210
"E:/Gamejam,/Krattmann/Content/AdvancedLocomotionV4/CharacterAssets/MannequinSkeleton/AnimationExamples/AimOffsets/ALS_N_Look_U_Sweep.uasset" 211
"E:/Gamejam,/Krattmann/Content/AdvancedLocomotionV4/CharacterAssets/MannequinSkeleton/AnimationExamples/AimOffsets/ALS_N_Look_D_Sweep.uasset" 212
"E:/Gamejam,/Krattmann/Content/AdvancedLocomotionV4/CharacterAssets/MannequinSkeleton/AnimationExamples/AimOffsets/ALS_N_Look_F_Sweep.uasset" 213
"E:/Gamejam,/Krattmann/Content/AdvancedLocomotionV4/CharacterAssets/MannequinSkeleton/AnimationExamples/AimOffsets/ALS_N_Look.uasset" 214
"E:/Gamejam,/Krattmann/Content/AdvancedLocomotionV4/CharacterAssets/MannequinSkeleton/AnimationExamples/Base/Locomotion/Detail/ALS_N_Run_BasePose.uasset" 215
"E:/Gamejam,/Krattmann/Content/AdvancedLocomotionV4/CharacterAssets/MannequinSkeleton/AnimationExamples/Base/Locomotion/Detail/ALS_N_LeanPose_R.uasset" 216
"E:/Gamejam,/Krattmann/Content/AdvancedLocomotionV4/CharacterAssets/MannequinSkeleton/AnimationExamples/Base/Locomotion/Detail/ALS_N_LeanPose_L.uasset" 217
"E:/Gamejam,/Krattmann/Content/AdvancedLocomotionV4/CharacterAssets/MannequinSkeleton/AnimationExamples/Base/Locomotion/Detail/ALS_N_LeanPose_F.uasset" 218
"E:/Gamejam,/Krattmann/Content/AdvancedLocomotionV4/CharacterAssets/MannequinSkeleton/AnimationExamples/Base/Locomotion/Detail/ALS_N_LeanPose_B.uasset" 219
"E:/Gamejam,/Krattmann/Content/AdvancedLocomotionV4/CharacterAssets/MannequinSkeleton/AnimationExamples/Base/Locomotion/Detail/ALS_N_LeanPose_0.uasset" 220
"E:/Gamejam,/Krattmann/Content/AdvancedLocomotionV4/Blueprints/AnimModifiers/AnimCurveCreationData.uasset" 221
"E:/Gamejam,/Krattmann/Content/AdvancedLocomotionV4/Blueprints/AnimModifiers/AnimCurveCreationParams.uasset" 222
"E:/Gamejam,/Krattmann/Content/AdvancedLocomotionV4/Blueprints/AnimModifiers/Create_Curves.uasset" 223
"E:/Gamejam,/Krattmann/Content/AdvancedLocomotionV4/CharacterAssets/MannequinSkeleton/AnimationExamples/Base/Locomotion/ALS_N_RunPose_F.uasset" 224
"E:/Gamejam,/Krattmann/Content/AdvancedLocomotionV4/CharacterAssets/MannequinSkeleton/AnimationExamples/Base/Locomotion/Detail/ALS_N_Lean.uasset" 225
"E:/Gamejam,/Krattmann/Content/AdvancedLocomotionV4/CharacterAssets/MannequinSkeleton/AnimationExamples/Base/Locomotion/ALS_N_Run_RF.uasset" 226
"E:/Gamejam,/Krattmann/Content/AdvancedLocomotionV4/CharacterAssets/MannequinSkeleton/AnimationExamples/Base/Locomotion/ALS_N_WalkPose_R.uasset" 227
"E:/Gamejam,/Krattmann/Content/AdvancedLocomotionV4/CharacterAssets/MannequinSkeleton/AnimationExamples/Base/Locomotion/ALS_N_RunPose_R.uasset" 228
"E:/Gamejam,/Krattmann/Content/AdvancedLocomotionV4/CharacterAssets/MannequinSkeleton/AnimationExamples/Base/Locomotion/ALS_N_Walk_RF.uasset" 229
"E:/Gamejam,/Krattmann/Content/AdvancedLocomotionV4/CharacterAssets/MannequinSkeleton/AnimationExamples/Base/Locomotion/ALS_N_WalkRun_FR.uasset" 230
"E:/Gamejam,/Krattmann/Content/AdvancedLocomotionV4/CharacterAssets/MannequinSkeleton/AnimationExamples/Base/Locomotion/ALS_N_Run_LF.uasset" 231
"E:/Gamejam,/Krattmann/Content/AdvancedLocomotionV4/CharacterAssets/MannequinSkeleton/AnimationExamples/Base/Locomotion/ALS_N_WalkPose_L.uasset" 232
"E:/Gamejam,/Krattmann/Content/AdvancedLocomotionV4/CharacterAssets/MannequinSkeleton/AnimationExamples/Base/Locomotion/ALS_N_RunPose_L.uasset" 233
"E:/Gamejam,/Krattmann/Content/AdvancedLocomotionV4/CharacterAssets/MannequinSkeleton/AnimationExamples/Base/Locomotion/ALS_N_Walk_LF.uasset" 234
"E:/Gamejam,/Krattmann/Content/AdvancedLocomotionV4/CharacterAssets/MannequinSkeleton/AnimationExamples/Base/Locomotion/ALS_N_WalkRun_FL.uasset" 235
"E:/Gamejam,/Krattmann/Content/AdvancedLocomotionV4/CharacterAssets/MannequinSkeleton/AnimationExamples/Base/Locomotion/ALS_N_Run_F.uasset" 236
"E:/Gamejam,/Krattmann/Content/AdvancedLocomotionV4/CharacterAssets/MannequinSkeleton/AnimationExamples/Base/Locomotion/ALS_N_WalkPose_F.uasset" 237
"E:/Gamejam,/Krattmann/Content/AdvancedLocomotionV4/CharacterAssets/MannequinSkeleton/AnimationExamples/Base/Locomotion/ALS_N_Walk_F.uasset" 238
"E:/Gamejam,/Krattmann/Content/AdvancedLocomotionV4/CharacterAssets/MannequinSkeleton/AnimationExamples/Base/Locomotion/ALS_N_WalkRun_F.uasset" 239
"E:/Gamejam,/Krattmann/Content/AdvancedLocomotionV4/CharacterAssets/MannequinSkeleton/AnimationExamples/Base/Locomotion/ALS_N_Run_RB.uasset" 240
"E:/Gamejam,/Krattmann/Content/AdvancedLocomotionV4/CharacterAssets/MannequinSkeleton/AnimationExamples/Base/Locomotion/ALS_N_Walk_RB.uasset" 241
"E:/Gamejam,/Krattmann/Content/AdvancedLocomotionV4/CharacterAssets/MannequinSkeleton/AnimationExamples/Base/Locomotion/ALS_N_WalkRun_BR.uasset" 242
"E:/Gamejam,/Krattmann/Content/AdvancedLocomotionV4/CharacterAssets/MannequinSkeleton/AnimationExamples/Base/Locomotion/ALS_N_Run_LB.uasset" 243
"E:/Gamejam,/Krattmann/Content/AdvancedLocomotionV4/CharacterAssets/MannequinSkeleton/AnimationExamples/Base/Locomotion/ALS_N_Walk_LB.uasset" 244
"E:/Gamejam,/Krattmann/Content/AdvancedLocomotionV4/CharacterAssets/MannequinSkeleton/AnimationExamples/Base/Locomotion/ALS_N_WalkRun_BL.uasset" 245
"E:/Gamejam,/Krattmann/Content/AdvancedLocomotionV4/CharacterAssets/MannequinSkeleton/AnimationExamples/Base/Locomotion/ALS_N_Run_B.uasset" 246
"E:/Gamejam,/Krattmann/Content/AdvancedLocomotionV4/CharacterAssets/MannequinSkeleton/AnimationExamples/Base/Locomotion/ALS_N_Walk_B.uasset" 247
"E:/Gamejam,/Krattmann/Content/AdvancedLocomotionV4/CharacterAssets/MannequinSkeleton/AnimationExamples/Base/Locomotion/ALS_N_WalkRun_B.uasset" 248
"E:/Gamejam,/Krattmann/Content/AdvancedLocomotionV4/CharacterAssets/MannequinSkeleton/AnimationExamples/Base/InAir/ALS_N_FallLoop.uasset" 249
"E:/Gamejam,/Krattmann/Content/AdvancedLocomotionV4/CharacterAssets/MannequinSkeleton/AnimationExamples/Base/InAir/Detail/ALS_N_Falling_LeanPose_R.uasset" 250
"E:/Gamejam,/Krattmann/Content/AdvancedLocomotionV4/CharacterAssets/MannequinSkeleton/AnimationExamples/Base/InAir/Detail/ALS_N_Falling_LeanPose_L.uasset" 251
"E:/Gamejam,/Krattmann/Content/AdvancedLocomotionV4/CharacterAssets/MannequinSkeleton/AnimationExamples/Base/InAir/Detail/ALS_N_Falling_LeanPose_F.uasset" 252
"E:/Gamejam,/Krattmann/Content/AdvancedLocomotionV4/CharacterAssets/MannequinSkeleton/AnimationExamples/Base/InAir/Detail/ALS_N_Falling_LeanPose_B.uasset" 253
"E:/Gamejam,/Krattmann/Content/AdvancedLocomotionV4/CharacterAssets/MannequinSkeleton/AnimationExamples/Base/InAir/Detail/ALS_N_Falling_LeanPose_0.uasset" 254
"E:/Gamejam,/Krattmann/Content/AdvancedLocomotionV4/CharacterAssets/MannequinSkeleton/AnimationExamples/Base/InAir/Detail/ALS_N_Lean_Falling.uasset" 255
"E:/Gamejam,/Krattmann/Content/AdvancedLocomotionV4/Blueprints/AnimModifiers/Create_LayeringCurves.uasset" 256
"E:/Gamejam,/Krattmann/Content/AdvancedLocomotionV4/CharacterAssets/MannequinSkeleton/AnimationExamples/Overlay/Torch/ALS_Props_Torch_Poses.uasset" 257
"E:/Gamejam,/Krattmann/Content/AdvancedLocomotionV4/CharacterAssets/MannequinSkeleton/AnimationExamples/Overlay/Torch/ALS_Props_Torch_Poses_NoCurves.uasset" 258
"E:/Gamejam,/Krattmann/Content/AdvancedLocomotionV4/CharacterAssets/MannequinSkeleton/AnimationExamples/Overlay/Torch/ALS_Props_Torch_Aim_Sweep_Crouched.uasset" 259
"E:/Gamejam,/Krattmann/Content/AdvancedLocomotionV4/CharacterAssets/MannequinSkeleton/AnimationExamples/Overlay/Torch/ALS_Props_Torch_Aim_Sweep.uasset" 260
"E:/Gamejam,/Krattmann/Content/AdvancedLocomotionV4/CharacterAssets/MannequinSkeleton/AnimationExamples/Overlay/StanceVariations/ALS_StanceVariation_Normal.uasset" 261
"E:/Gamejam,/Krattmann/Content/AdvancedLocomotionV4/CharacterAssets/MannequinSkeleton/AnimationExamples/Overlay/StanceVariations/ALS_StanceVariation_Masculine.uasset" 262
"E:/Gamejam,/Krattmann/Content/AdvancedLocomotionV4/CharacterAssets/MannequinSkeleton/AnimationExamples/Overlay/StanceVariations/ALS_StanceVariation_Injured.uasset" 263
"E:/Gamejam,/Krattmann/Content/AdvancedLocomotionV4/CharacterAssets/MannequinSkeleton/AnimationExamples/Overlay/StanceVariations/ALS_StanceVariation_HandsTied.uasset" 264
"E:/Gamejam,/Krattmann/Content/AdvancedLocomotionV4/CharacterAssets/MannequinSkeleton/AnimationExamples/Overlay/StanceVariations/ALS_StanceVariation_Feminine.uasset" 265
"E:/Gamejam,/Krattmann/Content/AdvancedLocomotionV4/CharacterAssets/MannequinSkeleton/AnimationExamples/Overlay/Shared/ALS_N_SecondaryMotion.uasset" 266
"E:/Gamejam,/Krattmann/Content/AdvancedLocomotionV4/CharacterAssets/MannequinSkeleton/AnimationExamples/Overlay/Pistol/ALS_Props_Pistol_2H_Poses.uasset" 267
"E:/Gamejam,/Krattmann/Content/AdvancedLocomotionV4/CharacterAssets/MannequinSkeleton/AnimationExamples/Overlay/Pistol/ALS_Props_Pistol_2H_Poses_NoCurves.uasset" 268
"E:/Gamejam,/Krattmann/Content/AdvancedLocomotionV4/CharacterAssets/MannequinSkeleton/AnimationExamples/Overlay/Pistol/ALS_Props_Pistol_2H_Aim_Sweep_Crouched.uasset" 269
"E:/Gamejam,/Krattmann/Content/AdvancedLocomotionV4/CharacterAssets/MannequinSkeleton/AnimationExamples/Overlay/Pistol/ALS_Props_Pistol_2H_Aim_Sweep.uasset" 270
"E:/Gamejam,/Krattmann/Content/AdvancedLocomotionV4/CharacterAssets/MannequinSkeleton/AnimationExamples/Overlay/Pistol/ALS_Props_Pistol_1H_Poses.uasset" 271
"E:/Gamejam,/Krattmann/Content/AdvancedLocomotionV4/CharacterAssets/MannequinSkeleton/AnimationExamples/Overlay/Pistol/ALS_Props_Pistol_1H_Poses_NoCurves.uasset" 272
"E:/Gamejam,/Krattmann/Content/AdvancedLocomotionV4/CharacterAssets/MannequinSkeleton/AnimationExamples/Overlay/Pistol/ALS_Props_Pistol_1H_Aim_Sweep_Crouched.uasset" 273
"E:/Gamejam,/Krattmann/Content/AdvancedLocomotionV4/CharacterAssets/MannequinSkeleton/AnimationExamples/Overlay/Pistol/ALS_Props_Pistol_1H_Aim_Sweep.uasset" 274
"E:/Gamejam,/Krattmann/Content/AdvancedLocomotionV4/CharacterAssets/MannequinSkeleton/AnimationExamples/Overlay/M4A1/ALS_Props_M4A1_Run_F_Arms.uasset" 275
"E:/Gamejam,/Krattmann/Content/AdvancedLocomotionV4/CharacterAssets/MannequinSkeleton/AnimationExamples/Overlay/M4A1/ALS_Props_M4A1_Sprint_F_Impulse_Arms.uasset" 276
"E:/Gamejam,/Krattmann/Content/AdvancedLocomotionV4/CharacterAssets/MannequinSkeleton/AnimationExamples/Overlay/M4A1/ALS_Props_M4A1_Sprint_F_Arms.uasset" 277
"E:/Gamejam,/Krattmann/Content/AdvancedLocomotionV4/CharacterAssets/MannequinSkeleton/AnimationExamples/Overlay/M4A1/ALS_Props_M4A1_Poses.uasset" 278
"E:/Gamejam,/Krattmann/Content/AdvancedLocomotionV4/CharacterAssets/MannequinSkeleton/AnimationExamples/Overlay/M4A1/ALS_Props_M4A1_Poses_NoCurves.uasset" 279
"E:/Gamejam,/Krattmann/Content/AdvancedLocomotionV4/CharacterAssets/MannequinSkeleton/AnimationExamples/Overlay/M4A1/ALS_Props_M4A1_Aim_Sweep_Crouched.uasset" 280
"E:/Gamejam,/Krattmann/Content/AdvancedLocomotionV4/CharacterAssets/MannequinSkeleton/AnimationExamples/Overlay/M4A1/ALS_Props_M4A1_Aim_Sweep.uasset" 281
"E:/Gamejam,/Krattmann/Content/AdvancedLocomotionV4/CharacterAssets/MannequinSkeleton/AnimationExamples/Overlay/Box/ALS_Props_Box_Poses.uasset" 282
"E:/Gamejam,/Krattmann/Content/AdvancedLocomotionV4/CharacterAssets/MannequinSkeleton/AnimationExamples/Overlay/Bow/ALS_Props_Bow_Poses.uasset" 283
"E:/Gamejam,/Krattmann/Content/AdvancedLocomotionV4/CharacterAssets/MannequinSkeleton/AnimationExamples/Overlay/Bow/ALS_Props_Bow_Poses_NoCurves.uasset" 284
"E:/Gamejam,/Krattmann/Content/AdvancedLocomotionV4/CharacterAssets/MannequinSkeleton/AnimationExamples/Overlay/Bow/ALS_Props_Bow_Aim_Sweep_Crouched.uasset" 285
"E:/Gamejam,/Krattmann/Content/AdvancedLocomotionV4/CharacterAssets/MannequinSkeleton/AnimationExamples/Overlay/Bow/ALS_Props_Bow_Aim_Sweep.uasset" 286
"E:/Gamejam,/Krattmann/Content/AdvancedLocomotionV4/CharacterAssets/MannequinSkeleton/AnimationExamples/Overlay/Binoculars/ALS_Props_Binoculars_Poses.uasset" 287
"E:/Gamejam,/Krattmann/Content/AdvancedLocomotionV4/CharacterAssets/MannequinSkeleton/AnimationExamples/Overlay/Binoculars/ALS_Props_Binoculars_Poses_NoCurves.uasset" 288
"E:/Gamejam,/Krattmann/Content/AdvancedLocomotionV4/CharacterAssets/MannequinSkeleton/AnimationExamples/Overlay/Binoculars/ALS_Props_Binoculars_Aim_Sweep_Crouched.uasset" 289
"E:/Gamejam,/Krattmann/Content/AdvancedLocomotionV4/CharacterAssets/MannequinSkeleton/AnimationExamples/Overlay/Binoculars/ALS_Props_Binoculars_Aim_Sweep.uasset" 290
"E:/Gamejam,/Krattmann/Content/AdvancedLocomotionV4/CharacterAssets/MannequinSkeleton/AnimationExamples/Overlay/Barrel/ALS_Props_Barrel_Poses.uasset" 291
"E:/Gamejam,/Krattmann/Content/AdvancedLocomotionV4/Blueprints/AnimModifiers/Calculate_RotationAmount.uasset" 292
"E:/Gamejam,/Krattmann/Content/AdvancedLocomotionV4/CharacterAssets/MannequinSkeleton/AnimationExamples/Base/TurnInPlace/ALS_N_TurnIP_R90.uasset" 293
"E:/Gamejam,/Krattmann/Content/AdvancedLocomotionV4/CharacterAssets/MannequinSkeleton/AnimationExamples/Base/TurnInPlace/ALS_N_TurnIP_R180.uasset" 294
"E:/Gamejam,/Krattmann/Content/AdvancedLocomotionV4/CharacterAssets/MannequinSkeleton/AnimationExamples/Base/TurnInPlace/ALS_N_TurnIP_L90.uasset" 295
"E:/Gamejam,/Krattmann/Content/AdvancedLocomotionV4/CharacterAssets/MannequinSkeleton/AnimationExamples/Base/TurnInPlace/ALS_N_TurnIP_L180.uasset" 296
"E:/Gamejam,/Krattmann/Content/AdvancedLocomotionV4/CharacterAssets/MannequinSkeleton/AnimationExamples/Base/TurnInPlace/ALS_N_Rotate_R90.uasset" 297
"E:/Gamejam,/Krattmann/Content/AdvancedLocomotionV4/CharacterAssets/MannequinSkeleton/AnimationExamples/Base/TurnInPlace/ALS_N_Rotate_L90.uasset" 298
"E:/Gamejam,/Krattmann/Content/AdvancedLocomotionV4/CharacterAssets/MannequinSkeleton/AnimationExamples/Base/TurnInPlace/ALS_CLF_TurnIP_R90.uasset" 299
"E:/Gamejam,/Krattmann/Content/AdvancedLocomotionV4/CharacterAssets/MannequinSkeleton/AnimationExamples/Base/TurnInPlace/ALS_CLF_TurnIP_R180.uasset" 300
"E:/Gamejam,/Krattmann/Content/AdvancedLocomotionV4/CharacterAssets/MannequinSkeleton/AnimationExamples/Base/TurnInPlace/ALS_CLF_TurnIP_L90.uasset" 301
"E:/Gamejam,/Krattmann/Content/AdvancedLocomotionV4/CharacterAssets/MannequinSkeleton/AnimationExamples/Base/TurnInPlace/ALS_CLF_TurnIP_L180.uasset" 302
"E:/Gamejam,/Krattmann/Content/AdvancedLocomotionV4/CharacterAssets/MannequinSkeleton/AnimationExamples/Base/TurnInPlace/ALS_CLF_Rotate_R90.uasset" 303
"E:/Gamejam,/Krattmann/Content/AdvancedLocomotionV4/CharacterAssets/MannequinSkeleton/AnimationExamples/Base/TurnInPlace/ALS_CLF_Rotate_L90.uasset" 304
"E:/Gamejam,/Krattmann/Content/AdvancedLocomotionV4/CharacterAssets/MannequinSkeleton/AnimationExamples/Base/Transitions/ALS_N_Transition_R.uasset" 305
"E:/Gamejam,/Krattmann/Content/AdvancedLocomotionV4/CharacterAssets/MannequinSkeleton/AnimationExamples/Base/Transitions/ALS_N_Transition_L.uasset" 306
"E:/Gamejam,/Krattmann/Content/AdvancedLocomotionV4/CharacterAssets/MannequinSkeleton/AnimationExamples/Base/Transitions/ALS_N_to_CLF.uasset" 307
"E:/Gamejam,/Krattmann/Content/AdvancedLocomotionV4/CharacterAssets/MannequinSkeleton/AnimationExamples/Base/Transitions/ALS_N_Stop_R_Down.uasset" 308
"E:/Gamejam,/Krattmann/Content/AdvancedLocomotionV4/CharacterAssets/MannequinSkeleton/AnimationExamples/Base/Transitions/ALS_N_Stop_L_Down.uasset" 309
"E:/Gamejam,/Krattmann/Content/AdvancedLocomotionV4/CharacterAssets/MannequinSkeleton/AnimationExamples/Base/Transitions/ALS_CLF_to_N.uasset" 310
"E:/Gamejam,/Krattmann/Content/AdvancedLocomotionV4/CharacterAssets/MannequinSkeleton/AnimationExamples/Base/Locomotion/Detail/ALS_N_LocoDetail_Accel_R.uasset" 311
"E:/Gamejam,/Krattmann/Content/AdvancedLocomotionV4/CharacterAssets/MannequinSkeleton/AnimationExamples/Base/Locomotion/Detail/ALS_N_LocoDetail_Accel_L.uasset" 312
"E:/Gamejam,/Krattmann/Content/AdvancedLocomotionV4/CharacterAssets/MannequinSkeleton/AnimationExamples/Base/Locomotion/Detail/ALS_N_LocoDetail_Accel_F.uasset" 313
"E:/Gamejam,/Krattmann/Content/AdvancedLocomotionV4/CharacterAssets/MannequinSkeleton/AnimationExamples/Base/Locomotion/Detail/ALS_N_LocoDetail_Accel_B.uasset" 314
"E:/Gamejam,/Krattmann/Content/AdvancedLocomotionV4/CharacterAssets/MannequinSkeleton/AnimationExamples/Base/Locomotion/ALS_N_Sprint_F_Impulse.uasset" 315
"E:/Gamejam,/Krattmann/Content/AdvancedLocomotionV4/CharacterAssets/MannequinSkeleton/AnimationExamples/Base/Locomotion/ALS_CRF_Walk_R.uasset" 316
"E:/Gamejam,/Krattmann/Content/AdvancedLocomotionV4/CharacterAssets/MannequinSkeleton/AnimationExamples/Base/Locomotion/ALS_CRF_Walk_L.uasset" 317
"E:/Gamejam,/Krattmann/Content/AdvancedLocomotionV4/CharacterAssets/MannequinSkeleton/AnimationExamples/Base/Locomotion/ALS_CLF_WalkPose.uasset" 318
"E:/Gamejam,/Krattmann/Content/AdvancedLocomotionV4/CharacterAssets/MannequinSkeleton/AnimationExamples/Base/Locomotion/ALS_CLF_Walk_R.uasset" 319
"E:/Gamejam,/Krattmann/Content/AdvancedLocomotionV4/CharacterAssets/MannequinSkeleton/AnimationExamples/Base/Locomotion/ALS_CLF_Walk_L.uasset" 320
"E:/Gamejam,/Krattmann/Content/AdvancedLocomotionV4/CharacterAssets/MannequinSkeleton/AnimationExamples/Base/Locomotion/ALS_CLF_Walk_F.uasset" 321
"E:/Gamejam,/Krattmann/Content/AdvancedLocomotionV4/CharacterAssets/MannequinSkeleton/AnimationExamples/Base/Locomotion/ALS_CLF_Walk_B.uasset" 322
"E:/Gamejam,/Krattmann/Content/AdvancedLocomotionV4/CharacterAssets/MannequinSkeleton/AnimationExamples/Base/InAir/ALS_N_Land_Light_Additive.uasset" 323
"E:/Gamejam,/Krattmann/Content/Audio/SFX/SFX_Kratt_Jump.uasset" 324
"E:/Gamejam,/Krattmann/Content/Audio/SFX/Kratt_Jump_Cue.uasset" 325
"E:/Gamejam,/Krattmann/Content/AdvancedLocomotionV4/CharacterAssets/MannequinSkeleton/AnimationExamples/Base/InAir/ALS_N_Land_Light.uasset" 326
"E:/Gamejam,/Krattmann/Content/Audio/SFX/SFX_Kratt_Land.uasset" 327
"E:/Gamejam,/Krattmann/Content/Audio/SFX/Kratt_Land_Cue.uasset" 328
"E:/Gamejam,/Krattmann/Content/AdvancedLocomotionV4/CharacterAssets/MannequinSkeleton/AnimationExamples/Base/InAir/ALS_N_Land_Heavy_Additive.uasset" 329
"E:/Gamejam,/Krattmann/Content/AdvancedLocomotionV4/CharacterAssets/MannequinSkeleton/AnimationExamples/Base/InAir/ALS_N_Land_Heavy.uasset" 330
"E:/Gamejam,/Krattmann/Content/AdvancedLocomotionV4/CharacterAssets/MannequinSkeleton/AnimationExamples/Base/InAir/ALS_N_JumpWalk_RF.uasset" 331
"E:/Gamejam,/Krattmann/Content/AdvancedLocomotionV4/CharacterAssets/MannequinSkeleton/AnimationExamples/Base/InAir/ALS_N_JumpWalk_LF.uasset" 332
"E:/Gamejam,/Krattmann/Content/AdvancedLocomotionV4/CharacterAssets/MannequinSkeleton/AnimationExamples/Base/InAir/ALS_N_JumpRun_RF.uasset" 333
"E:/Gamejam,/Krattmann/Content/AdvancedLocomotionV4/CharacterAssets/MannequinSkeleton/AnimationExamples/Base/InAir/ALS_N_JumpRun_LF.uasset" 334
"E:/Gamejam,/Krattmann/Content/AdvancedLocomotionV4/CharacterAssets/MannequinSkeleton/AnimationExamples/Base/InAir/ALS_N_JumpLoop.uasset" 335
"E:/Gamejam,/Krattmann/Content/AdvancedLocomotionV4/CharacterAssets/MannequinSkeleton/AnimationExamples/Base/InAir/ALS_N_FallLoop_Fast.uasset" 336
"E:/Gamejam,/Krattmann/Content/AdvancedLocomotionV4/CharacterAssets/MannequinSkeleton/AnimationExamples/Base/Locomotion/ALS_N_Sprint_F.uasset" 337
"E:/Gamejam,/Krattmann/Content/AdvancedLocomotionV4/CharacterAssets/MannequinSkeleton/AnimationExamples/Base/InAir/ALS_Flail.uasset" 338
"E:/Gamejam,/Krattmann/Content/AdvancedLocomotionV4/CharacterAssets/MannequinSkeleton/AnimationExamples/Base/BasePoses/ALS_CLF_Pose.uasset" 339
"E:/Gamejam,/Krattmann/Content/AdvancedLocomotionV4/CharacterAssets/MannequinSkeleton/ALS_AnimBP.uasset" 340
"E:/Gamejam,/Krattmann/Content/AdvancedLocomotionV4/Props/Meshes/Bow_Draw.uasset" 341
"E:/Gamejam,/Krattmann/Content/AdvancedLocomotionV4/Props/Meshes/Bow_AnimBP.uasset" 342
"E:/Gamejam,/Krattmann/Content/AdvancedLocomotionV4/CharacterAssets/MannequinSkeleton/AnimationExamples/Actions/ALS_CLF_GetUp_Back_Montage_2H.uasset" 343
"E:/Gamejam,/Krattmann/Content/AdvancedLocomotionV4/CharacterAssets/MannequinSkeleton/AnimationExamples/Actions/ALS_CLF_GetUp_Back_Montage_Default.uasset" 344
"E:/Gamejam,/Krattmann/Content/SwapMaterials/Parts/Meshes/hornet_nest.uasset" 345
"E:/Gamejam,/Krattmann/Content/SwapMaterials/Interactable.uasset" 346
"E:/Gamejam,/Krattmann/Content/SwapMaterials/Blueprints/ThirdPersonCharacter.uasset" 347
"E:/Gamejam,/Krattmann/Content/SwapMaterials/BodyType.uasset" 348
"E:/Gamejam,/Krattmann/Content/SwapMaterials/BodyPart_PB.uasset" 349
"E:/Gamejam,/Krattmann/Content/MyAssets/Blueprints/BPI_Damagable.uasset" 350
"E:/Gamejam,/Krattmann/Content/MyAssets/Blueprints/BP_Player_Test.uasset" 351
"E:/Gamejam,/Krattmann/Content/Widgets/MeshCapture/MeshRenderTarget.uasset" 352
"E:/Gamejam,/Krattmann/Content/Widgets/MeshCapture/MeshRenderTarget_Mat.uasset" 353
"E:/Gamejam,/Krattmann/Content/Widgets/Character.uasset" 354
"E:/Gamejam,/Krattmann/Content/Widgets/MeshCapture/Kratt_crafting.uasset" 355
"E:/Gamejam,/Krattmann/Content/Widgets/Display.uasset" 356
"E:/Gamejam,/Krattmann/Content/Widgets/ThirdPersonGameMode.uasset" 357
"E:/Gamejam,/Krattmann/Content/Widgets/cabbage.uasset" 358
"E:/Gamejam,/Krattmann/Content/Widgets/skull.uasset" 359
"E:/Gamejam,/Krattmann/Content/Widgets/CharacterCreation.uasset" 360
"E:/Gamejam,/Krattmann/Content/Widgets/CharacterCreationLVL_BuiltData.uasset" 361
"E:/Gamejam,/Krattmann/Content/Widgets/ItemSlot.uasset" 362
"E:/Gamejam,/Krattmann/Content/Widgets/MeshCapture/Display.uasset" 363
"E:/Gamejam,/Krattmann/Content/Widgets/MeshCapture/Capture_PB.uasset" 364
"../../../Engine/Content/EngineMaterials/T_Default_Material_Grid_M.uasset" 365
"../../../Engine/Content/EngineMaterials/T_Default_Material_Grid_N.uasset" 366
"../../../Engine/Content/Functions/Engine_MaterialFunctions01/Opacity/CameraDepthFade.uasset" 367
"../../../Engine/Content/EngineMaterials/WorldGridMaterial.uasset" 368
"../../../Engine/Content/ArtTools/RenderToTexture/Meshes/S_1_Unit_Plane.uasset" 369
"../../../Engine/Content/EngineMaterials/DefaultMaterial.uasset" 370
"../../../Engine/Content/BasicShapes/Cone.uasset" 371
"../../../Engine/Content/BasicShapes/Cube.uasset" 372
"../../../Engine/Content/BasicShapes/Plane.uasset" 373
"../../../Engine/Content/BasicShapes/Sphere.uasset" 374
"../../../Engine/Content/EditorLandscapeResources/DataLayer.uasset" 375
"../../../Engine/Content/EditorLandscapeResources/DefaultAlphaTexture.uasset" 376
"../../../Engine/Content/EditorMaterials/MAT_Groups_Toggle.uasset" 377
"../../../Engine/Content/EditorMaterials/MAT_Groups_Visibility.uasset" 378
"../../../Engine/Content/EditorMaterials/PreviewShadowIndicator.uasset" 379
"../../../Engine/Content/EditorMaterials/PreviewShadowIndicatorMaterial.uasset" 380
"../../../Engine/Content/EditorMaterials/MatineeGroups/MAT_ColorTrack.uasset" 381
"../../../Engine/Content/EditorMaterials/MatineeGroups/MAT_Groups_Anim.uasset" 382
"../../../Engine/Content/EditorMaterials/MatineeGroups/MAT_Groups_AudioMaster.uasset" 383
"../../../Engine/Content/EditorMaterials/MatineeGroups/MAT_Groups_Director.uasset" 384
"../../../Engine/Content/EditorMaterials/MatineeGroups/MAT_Groups_Event.uasset" 385
"../../../Engine/Content/EditorMaterials/MatineeGroups/MAT_Groups_Fade.uasset" 386
"../../../Engine/Content/EditorMaterials/MatineeGroups/MAT_Groups_Float.uasset" 387
"../../../Engine/Content/EditorMaterials/MatineeGroups/MAT_Groups_Move.uasset" 388
"../../../Engine/Content/EditorMaterials/MatineeGroups/MAT_Groups_Slomo.uasset" 389
"../../../Engine/Content/EditorMaterials/MatineeGroups/MAT_Groups_Sound.uasset" 390
"../../../Engine/Content/EditorMaterials/MatineeGroups/MAT_Groups_Vector.uasset" 391
"../../../Engine/Content/EditorMaterials/ParticleSystems/PSysThumbnail_NoImage.uasset" 392
"../../../Engine/Content/EditorMaterials/ParticleSystems/PSysThumbnail_OOD.uasset" 393
"../../../Engine/Content/EditorMaterials/Camera/CineMat.uasset" 394
"../../../Engine/Content/EditorMaterials/Camera/MI_CineMat_Rig.uasset" 395
"../../../Engine/Content/EditorMeshes/Camera/SM_CraneRig_Arm.uasset" 396
"../../../Engine/Content/EditorMeshes/Camera/SM_CraneRig_Base.uasset" 397
"../../../Engine/Content/EditorMeshes/Camera/SM_CraneRig_Body.uasset" 398
"../../../Engine/Content/EditorMeshes/Camera/SM_CraneRig_Mount.uasset" 399
"../../../Engine/Content/EditorMeshes/Camera/SM_RailRig_Mount.uasset" 400
"../../../Engine/Content/EditorMeshes/Camera/SM_RailRig_Track.uasset" 401
"../../../Engine/Content/EditorResources/BSPVertex.uasset" 402
"../../../Engine/Content/EditorResources/EmptyActor.uasset" 403
"../../../Engine/Content/EditorResources/S_Actor.uasset" 404
"../../../Engine/Content/EditorResources/S_Note.uasset" 405
"../../../Engine/Content/EditorResources/S_Solver.uasset" 406
"../../../Engine/Content/EditorResources/S_Terrain.uasset" 407
"../../../Engine/Content/EditorResources/S_Trigger.uasset" 408
"../../../Engine/Content/EditorResources/AudioIcons/S_AudioComponent_AutoActivate.uasset" 409
"../../../Engine/Content/EditorResources/LightIcons/S_LightError.uasset" 410
"../../../Engine/Content/EditorResources/SequenceRecorder/Countdown.uasset" 411
"../../../Engine/Content/EditorResources/SequenceRecorder/RecordingIndicator.uasset" 412
"../../../Engine/Content/EngineDamageTypes/DmgTypeBP_Environmental.uasset" 413
"../../../Engine/Content/EngineDebugMaterials/DebugEditorMaterial.uasset" 414
"../../../Engine/Content/EngineDebugMaterials/DebugMeshMaterial.uasset" 415
"../../../Engine/Content/EngineDebugMaterials/M_SimpleUnlitTranslucent.uasset" 416
"../../../Engine/Content/EngineDebugMaterials/VolumeToRender.uasset" 417
"../../../Engine/Content/Functions/Engine_MaterialFunctions02/Utility/CameraDirectionVector.uasset" 418
"../../../Engine/Content/EngineDebugMaterials/M_VolumeRenderSphereTracePP.uasset" 419
"../../../Engine/Content/Functions/Engine_MaterialFunctions01/Shading/ConvertFromDiffSpec.uasset" 420
"../../../Engine/Content/EngineDebugMaterials/VertexColorMaterial.uasset" 421
"../../../Engine/Content/EngineDebugMaterials/WireframeMaterial.uasset" 422
"../../../Engine/Content/EngineFonts/Faces/RobotoRegular.uasset" 423
"../../../Engine/Content/EngineFonts/Faces/RobotoLight.uasset" 424
"../../../Engine/Content/EngineFonts/Faces/RobotoItalic.uasset" 425
"../../../Engine/Content/EngineFonts/Faces/RobotoBoldItalic.uasset" 426
"../../../Engine/Content/EngineFonts/Faces/RobotoBold.uasset" 427
"../../../Engine/Content/EngineFonts/Faces/DroidSansFallback.uasset" 428
"../../../Engine/Content/EngineFonts/Roboto.uasset" 429
"../../../Engine/Content/EngineMaterials/BaseFlattenNormalMap.uasset" 430
"../../../Engine/Content/EngineMaterials/BaseFlattenGrayscaleMap.uasset" 431
"../../../Engine/Content/EngineMaterials/BaseFlattenEmissiveMap.uasset" 432
"../../../Engine/Content/EngineMaterials/BaseFlattenDiffuseMap.uasset" 433
"../../../Engine/Content/EngineMaterials/BaseFlattenMaterial.uasset" 434
"../../../Engine/Content/EngineMaterials/BlueNoise.uasset" 435
"../../../Engine/Content/EngineMaterials/DefaultBloomKernel.uasset" 436
"../../../Engine/Content/EngineMaterials/DefaultBokeh.uasset" 437
"../../../Engine/Content/EngineMaterials/DefaultDiffuse.uasset" 438
"../../../Engine/Content/EngineMaterials/DefaultDeferredDecalMaterial.uasset" 439
"../../../Engine/Content/EngineMaterials/DefaultLightFunctionMaterial.uasset" 440
"../../../Engine/Content/Functions/Engine_MaterialFunctions02/Utility/BreakOutFloat2Components.uasset" 441
"../../../Engine/Content/EngineMaterials/DefaultPostProcessMaterial.uasset" 442
"../../../Engine/Content/EngineFonts/RobotoDistanceField.uasset" 443
"../../../Engine/Content/EngineMaterials/DefaultTextMaterialOpaque.uasset" 444
"../../../Engine/Content/EngineMaterials/DefaultWhiteGrid.uasset" 445
"../../../Engine/Content/EngineMaterials/DefaultWhiteGrid_Low.uasset" 446
"../../../Engine/Content/EngineMaterials/EmissiveMeshMaterial.uasset" 447
"../../../Engine/Content/EngineMaterials/GizmoMaterial.uasset" 448
"../../../Engine/Content/EngineMaterials/Good64x64TilingNoiseHighFreq.uasset" 449
"../../../Engine/Content/EngineMaterials/MiniFont.uasset" 450
"../../../Engine/Content/EngineMaterials/InvalidLightmapSettings.uasset" 451
"../../../Engine/Content/EngineMaterials/M_InvalidLightmapSettings.uasset" 452
"../../../Engine/Content/Functions/Engine_MaterialFunctions02/WorldPositionOffset/CameraOffset.uasset" 453
"../../../Engine/Content/EngineMaterials/PhAT_JointLimitMaterial.uasset" 454
"../../../Engine/Content/EngineMaterials/PreintegratedSkinBRDF.uasset" 455
"../../../Engine/Content/EngineMaterials/RemoveSurfaceMaterial.uasset" 456
"../../../Engine/Content/EngineMaterials/WeightMapPlaceholderTexture.uasset" 457
"../../../Engine/Content/EngineResources/WhiteSquareTexture.uasset" 458
"../../../Engine/Content/EngineMaterials/Widget3DPassThrough.uasset" 459
"../../../Engine/Content/EngineMaterials/Widget3DPassThrough_Masked.uasset" 460
"../../../Engine/Content/EngineMaterials/Widget3DPassThrough_Opaque.uasset" 461
"../../../Engine/Content/EngineMaterials/Widget3DPassThrough_Masked_OneSided.uasset" 462
"../../../Engine/Content/EngineMaterials/Widget3DPassThrough_Opaque_OneSided.uasset" 463
"../../../Engine/Content/EngineMaterials/Widget3DPassThrough_Translucent.uasset" 464
"../../../Engine/Content/EngineMaterials/Widget3DPassThrough_Translucent_OneSided.uasset" 465
"../../../Engine/Content/EngineMeshes/Cylinder.uasset" 466
"../../../Engine/Content/EngineMeshes/Sphere.uasset" 467
"../../../Engine/Content/EngineResources/Black.uasset" 468
"../../../Engine/Content/EngineResources/DefaultTextureCube.uasset" 469
"../../../Engine/Content/EngineResources/DefaultVolumeTexture2D.uasset" 470
"../../../Engine/Content/EngineResources/DefaultVolumeTexture.uasset" 471
"../../../Engine/Content/EngineResources/GradientTexture0.uasset" 472
"../../../Engine/Content/EngineSky/VolumetricClouds/T_NoiseShape64.uasset" 473
"../../../Engine/Content/EngineSky/VolumetricClouds/T_VolumeNoiseShape64.uasset" 474
"../../../Engine/Content/EngineSky/VolumetricClouds/T_NoiseErosion.uasset" 475
"../../../Engine/Content/EngineSky/VolumetricClouds/T_VolumeNoiseErosion32.uasset" 476
"../../../Engine/Content/Functions/Engine_MaterialFunctions02/Utility/MakeFloat2.uasset" 477
"../../../Engine/Content/EngineSky/VolumetricClouds/CloudWeatherTexture.uasset" 478
"../../../Engine/Content/EngineSky/VolumetricClouds/CloudGradientTexture.uasset" 479
"../../../Engine/Content/EngineSky/VolumetricClouds/m_SimpleVolumetricCloud.uasset" 480
"../../../Engine/Content/EngineSky/VolumetricClouds/m_SimpleVolumetricCloud_Inst.uasset" 481
"../../../Engine/Content/EngineSounds/Master.uasset" 482
"../../../Engine/Content/Functions/Engine_MaterialFunctions01/Shading/PowerToRoughness.uasset" 483
"../../../Engine/Content/Maps/Templates/Thumbnails/Default.uasset" 484
"../../../Engine/Content/Maps/Templates/Thumbnails/TimeOfDay.uasset" 485
"../../../Engine/Content/Maps/Templates/Thumbnails/VR-Basic.uasset" 486
"../../../Engine/Content/MobileResources/T_MobileControls_texture.uasset" 487
"../../../Engine/Content/MobileResources/T_MobileMenu2.uasset" 488
"../../../Engine/Content/MobileResources/HUD/AnalogHat.uasset" 489
"../../../Engine/Content/MobileResources/HUD/VirtualJoystick_Thumb.uasset" 490
"../../../Engine/Content/MobileResources/HUD/VirtualJoystick_Background.uasset" 491
"../../../Engine/Content/MobileResources/HUD/DefaultVirtualJoysticks.uasset" 492
"../../../Engine/Content/MobileResources/HUD/LeftVirtualJoystickOnly.uasset" 493
"../../../Engine/Content/MobileResources/HUD/MobileHUDButton1_off.uasset" 494
"../../../Engine/Content/MobileResources/HUD/MobileHUDButton1_on.uasset" 495
"../../../Engine/Content/MobileResources/HUD/MobileHUDButton2_off.uasset" 496
"../../../Engine/Content/MobileResources/HUD/MobileHUDButton2_on.uasset" 497
"../../../Engine/Content/MobileResources/HUD/MobileHUDButton3.uasset" 498
"../../../Engine/Content/MobileResources/HUD/MobileHUDButtonFire.uasset" 499
"../../../Engine/Content/MobileResources/HUD/MobileHUDDirectionPad.uasset" 500
"../../../Engine/Content/MobileResources/HUD/MobileHUDDirectionPad2.uasset" 501
"../../../Engine/Content/MobileResources/HUD/MobileHUDDirectionPad3.uasset" 502
"../../../Engine/Content/MobileResources/HUD/MobileHUDDirectionStick.uasset" 503
"../../../Engine/Content/MobileResources/HUD/T_Castle_ThumbstickInner.uasset" 504
"../../../Engine/Content/MobileResources/HUD/T_Castle_ThumbstickOutter.uasset" 505
"../../../Engine/Content/Tutorial/ContentIntroCurve.uasset" 506
"../../../Engine/Content/Tutorial/Basics/LevelEditorAttract.uasset" 507
"../../../Engine/Content/Tutorial/Basics/TutorialAssets/icon_tab_Levels_40x.uasset" 508
"../../../Engine/Content/Tutorial/Basics/LevelEditorOverview.uasset" 509
"../../../Engine/Content/Tutorial/BlueprintTutorials/TutorialAssets/Blueprint_64x.uasset" 510
"../../../Engine/Content/Tutorial/BlueprintTutorials/BlueprintEditorTutorial.uasset" 511
"../../../Engine/Content/Tutorial/Installation/InstallingVisualStudioTutorial.uasset" 512
"../../../Engine/Content/VREditor/TransformGizmo/TranslucentTransformGizmoMaterial.uasset" 513
"../../../Engine/Content/VREditor/LaserPointer/VR_LaserPower_01.uasset" 514
"../../../Engine/Content/VREditor/TransformGizmo/TransformGizmoMaterial.uasset" 515
"../../../Engine/Content/VREditor/TransformGizmo/BoundingBoxCorner.uasset" 516
"../../../Engine/Content/VREditor/TransformGizmo/BoundingBoxEdge.uasset" 517
"../../../Engine/Content/VREditor/TransformGizmo/PlaneTranslationHandle.uasset" 518
"../../../Engine/Content/VREditor/TransformGizmo/Xray.uasset" 519
"../../../Engine/Content/VREditor/TransformGizmo/Main.uasset" 520
"../../../Engine/Content/VREditor/TransformGizmo/SM_Sequencer_Key.uasset" 521
"../../../Engine/Content/VREditor/TransformGizmo/SM_Sequencer_Node.uasset" 522
"../../Plugins/2D/Paper2D/Content/PlaceholderTextures/DummySpriteTexture.uasset" 523
"../../Plugins/2D/Paper2D/Content/DummySprite.uasset" 524
"../../Plugins/2D/Paper2D/Content/DefaultPaperTerrainMaterial.uasset" 525
"../../Plugins/2D/Paper2D/Content/DefaultSpriteMaterial.uasset" 526
"../../Plugins/2D/Paper2D/Content/MaskedUnlitSpriteMaterial.uasset" 527
"../../Plugins/2D/Paper2D/Content/OpaqueUnlitSpriteMaterial.uasset" 528
"../../../Engine/Content/ArtTools/RenderToTexture/Materials/Debug/M_Emissive_Color.uasset" 529
"../../../Engine/Content/BasicShapes/Cylinder.uasset" 530
"../../Plugins/Lumin/MagicLeapPassableWorld/Content/MagicLeapARPinInfoActor.uasset" 531
"../../../Engine/Content/Functions/Engine_MaterialFunctions02/Utility/BreakOutFloat3Components.uasset" 532
"../../../Engine/Content/Functions/Engine_MaterialFunctions02/ObjectLocalBounds.uasset" 533
"../../Plugins/Editor/SpeedTreeImporter/Content/SpeedTree9/UnpackInteger3.uasset" 534
"../../Plugins/Editor/SpeedTreeImporter/Content/SpeedTree9/UnpackDirection.uasset" 535
"../../Plugins/Editor/SpeedTreeImporter/Content/SpeedTree9/game_wind_noise.uasset" 536
"../../../Engine/Content/Functions/Engine_MaterialFunctions02/SafeNormalize.uasset" 537
"../../Plugins/Editor/SpeedTreeImporter/Content/SpeedTree9/SpeedTreeWindMotion.uasset" 538
"../../Plugins/Editor/SpeedTreeImporter/Content/SpeedTree9/SpeedTreeBranchMotion.uasset" 539
"../../../Engine/Content/Functions/Engine_MaterialFunctions02/UVs/BoundingBoxBased_0-1_UVW.uasset" 540
"../../Plugins/Editor/SpeedTreeImporter/Content/SpeedTree9/SpeedTreeWind.uasset" 541
"../../Plugins/Editor/SpeedTreeImporter/Content/SpeedTree9/SpeedTreeBillboard.uasset" 542
"../../../Engine/Content/EngineResources/DefaultTexture.uasset" 543
"../../Plugins/Editor/SpeedTreeImporter/Content/SpeedTree9/SpeedTreeBillboardMaster.uasset" 544
"../../Plugins/Editor/SpeedTreeImporter/Content/SpeedTree9/SpeedTreeCameraFacing.uasset" 545
"../../Plugins/Editor/SpeedTreeImporter/Content/SpeedTree9/SpeedTreeMaster.uasset" 546
"../../Plugins/Experimental/Landmass/Content/Landscape/BlueprintBrushes/MPC/MPC_Landscape.uasset" 547
"../../Plugins/Experimental/Water/Content/Curves/FloatCurve.uasset" 548
"../../Plugins/Experimental/Water/Content/Curves/FloatCurve_WaterBodyIsland.uasset" 549
"../../Plugins/Experimental/Water/Content/Materials/MPC/MPC_Water.uasset" 550
"../../Plugins/Experimental/Water/Content/Meshes/LakeMesh.uasset" 551
"../../Plugins/Experimental/Water/Content/Meshes/RiverMesh.uasset" 552
"../../Plugins/Experimental/Water/Content/Waves/GerstnerWaves_Lake.uasset" 553
"../../Plugins/Experimental/Water/Content/Waves/GerstnerWaves_Ocean.uasset" 554
"../../../Engine/Content/Functions/Engine_MaterialFunctions02/Utility/MakeFloat3.uasset" 555
"../../../Engine/Content/Functions/Engine_MaterialFunctions02/Utility/BreakOutFloat4Components.uasset" 556
"../../Plugins/Runtime/Oculus/OculusVR/Content/Materials/OculusMR_ChromaKey.uasset" 557
"../../Plugins/Runtime/Oculus/OculusVR/Content/Materials/OculusMR_OpaqueColoredMaterial.uasset" 558
"../../Plugins/Runtime/Oculus/OculusVR/Content/Materials/PokeAHoleMaterial.uasset" 559
"E:/Gamejam,/Krattmann/Content/AdvancedLocomotionV4/Blueprints/CharacterLogic/ALS_AnimMan_CharacterBP.uasset" 560
"E:/Gamejam,/Krattmann/Content/AdvancedLocomotionV4/Audio/Background/Starter_Birds01.uasset" 561
"E:/Gamejam,/Krattmann/Content/AdvancedLocomotionV4/Audio/Background/Starter_Wind05.uasset" 562
"E:/Gamejam,/Krattmann/Content/AdvancedLocomotionV4/Audio/Background/Starter_Wind06.uasset" 563
"E:/Gamejam,/Krattmann/Content/AdvancedLocomotionV4/Audio/Background/Starter_Background_Cue.uasset" 564
"../../../Engine/Content/EngineSky/T_Sky_Stars.uasset" 565
"../../../Engine/Content/EngineSky/T_Sky_Clouds_M.uasset" 566
"../../../Engine/Content/EngineSky/T_Sky_Blue.uasset" 567
"../../../Engine/Content/EngineMaterials/DefaultPhysicalMaterial.uasset" 568
"../../../Engine/Content/EngineSky/M_Sky_Panning_Clouds2.uasset" 569
"E:/Gamejam,/Krattmann/Content/AdvancedLocomotionV4/Levels/ALS_DemoLevel_BuiltData.uasset" 570
"../../../Engine/Content/EngineSky/SM_SkySphere.uasset" 571
"../../../Engine/Content/EngineSky/C_Sky_Zenith_Color.uasset" 572
"../../../Engine/Content/EngineSky/C_Sky_Horizon_Color.uasset" 573
"../../../Engine/Content/EngineSky/C_Sky_Cloud_Color.uasset" 574
"../../../Engine/Content/EngineSky/BP_Sky_Sphere.uasset" 575
"E:/Gamejam,/Krattmann/Content/AdvancedLocomotionV4/Environment/Text/RobotoDistanceField_Outlines.uasset" 576
"E:/Gamejam,/Krattmann/Content/AdvancedLocomotionV4/Environment/Text/M_OutlinedText.uasset" 577
"E:/Gamejam,/Krattmann/Content/AdvancedLocomotionV4/Environment/Materials/Textures/T_Tiles_N.uasset" 578
"E:/Gamejam,/Krattmann/Content/AdvancedLocomotionV4/Environment/Materials/Textures/T_Tiles_M.uasset" 579
"E:/Gamejam,/Krattmann/Content/AdvancedLocomotionV4/Environment/Materials/M_Tiles.uasset" 580
"E:/Gamejam,/Krattmann/Content/AdvancedLocomotionV4/Environment/Meshes/Simple_TitleBoard.uasset" 581
"E:/Gamejam,/Krattmann/Content/AdvancedLocomotionV4/Environment/Meshes/Simple_Pillar.uasset" 582
"E:/Gamejam,/Krattmann/Content/AdvancedLocomotionV4/Environment/Meshes/Simple_InfoWall_3x5.uasset" 583
"E:/Gamejam,/Krattmann/Content/AdvancedLocomotionV4/Environment/Meshes/Simple_Floor_20x20.uasset" 584
"E:/Gamejam,/Krattmann/Content/AdvancedLocomotionV4/Environment/Meshes/Simple_Block_2x2.uasset" 585
"E:/Gamejam,/Krattmann/Content/AdvancedLocomotionV4/Environment/Materials/M_Object.uasset" 586
"E:/Gamejam,/Krattmann/Content/AdvancedLocomotionV4/Environment/Meshes/Complex_Rock.uasset" 587
"E:/Gamejam,/Krattmann/Content/AdvancedLocomotionV4/Environment/Meshes/Complex_Fountain_01.uasset" 588
"E:/Gamejam,/Krattmann/Content/AdvancedLocomotionV4/Environment/Meshes/Complex_Crate_Broken.uasset" 589
"E:/Gamejam,/Krattmann/Content/AdvancedLocomotionV4/Environment/Meshes/Complex_Crate.uasset" 590
"E:/Gamejam,/Krattmann/Content/AdvancedLocomotionV4/Environment/Meshes/Complex_Cart.uasset" 591
"E:/Gamejam,/Krattmann/Content/AdvancedLocomotionV4/Environment/Meshes/Complex_Bench.uasset" 592
"E:/Gamejam,/Krattmann/Content/AdvancedLocomotionV4/Environment/Meshes/Complex_Barrel_Broken.uasset" 593
"E:/Gamejam,/Krattmann/Content/AdvancedLocomotionV4/Environment/Meshes/Complex_Barrel.uasset" 594
"E:/Gamejam,/Krattmann/Content/AdvancedLocomotionV4/Environment/Meshes/Simple_Wall_2x20.uasset" 595
"E:/Gamejam,/Krattmann/Content/AdvancedLocomotionV4/Environment/Meshes/Complex_Arch_02.uasset" 596
"E:/Gamejam,/Krattmann/Content/AdvancedLocomotionV4/Environment/Meshes/Complex_Arch_01.uasset" 597
"E:/Gamejam,/Krattmann/Content/AdvancedLocomotionV4/Environment/Materials/M_Landscape.uasset" 598
"E:/Gamejam,/Krattmann/Content/AdvancedLocomotionV4/Environment/Meshes/Simple_Block_3x3.uasset" 599
"E:/Gamejam,/Krattmann/Content/AdvancedLocomotionV4/Environment/Meshes/Simple_Block_1x1.uasset" 600
"E:/Gamejam,/Krattmann/Content/AdvancedLocomotionV4/Environment/SimpleObjectBuilder.uasset" 601
"E:/Gamejam,/Krattmann/Content/AdvancedLocomotionV4/Environment/SmoothObjectMovement.uasset" 602
"E:/Gamejam,/Krattmann/Content/AdvancedLocomotionV4/Environment/SimpleMovingObject.uasset" 603
"E:/Gamejam,/Krattmann/Content/AdvancedLocomotionV4/Levels/ALS_DemoLevel.umap" 604
"../../../Engine/Content/Maps/Entry_BuiltData.uasset" 605
"../../../Engine/Content/Maps/Entry.umap" 606
